c:\users\zoxi\source\repos\ооп. лабораторная работа 4\client\debug\vc142.pdb
c:\users\zoxi\source\repos\ооп. лабораторная работа 4\client\debug\vc142.idb
c:\users\zoxi\source\repos\ооп. лабораторная работа 4\client\debug\client.obj
c:\users\zoxi\source\repos\ооп. лабораторная работа 4\debug\client.pdb
c:\users\zoxi\source\repos\ооп. лабораторная работа 4\client\debug\client.tlog\cl.command.1.tlog
c:\users\zoxi\source\repos\ооп. лабораторная работа 4\client\debug\client.tlog\cl.read.1.tlog
c:\users\zoxi\source\repos\ооп. лабораторная работа 4\client\debug\client.tlog\cl.write.1.tlog
c:\users\zoxi\source\repos\ооп. лабораторная работа 4\client\debug\client.tlog\link-cvtres.read.1.tlog
c:\users\zoxi\source\repos\ооп. лабораторная работа 4\client\debug\client.tlog\link-cvtres.write.1.tlog
c:\users\zoxi\source\repos\ооп. лабораторная работа 4\client\debug\client.tlog\link-rc.read.1.tlog
c:\users\zoxi\source\repos\ооп. лабораторная работа 4\client\debug\client.tlog\link-rc.write.1.tlog
c:\users\zoxi\source\repos\ооп. лабораторная работа 4\client\debug\client.tlog\link.1240-cvtres.read.1.tlog
c:\users\zoxi\source\repos\ооп. лабораторная работа 4\client\debug\client.tlog\link.1240-cvtres.write.1.tlog
c:\users\zoxi\source\repos\ооп. лабораторная работа 4\client\debug\client.tlog\link.1240-rc.read.1.tlog
c:\users\zoxi\source\repos\ооп. лабораторная работа 4\client\debug\client.tlog\link.1240-rc.write.1.tlog
c:\users\zoxi\source\repos\ооп. лабораторная работа 4\client\debug\client.tlog\link.1240.read.1.tlog
c:\users\zoxi\source\repos\ооп. лабораторная работа 4\client\debug\client.tlog\link.1240.write.1.tlog
c:\users\zoxi\source\repos\ооп. лабораторная работа 4\client\debug\client.tlog\link.command.1.tlog
c:\users\zoxi\source\repos\ооп. лабораторная работа 4\client\debug\client.tlog\link.read.1.tlog
c:\users\zoxi\source\repos\ооп. лабораторная работа 4\client\debug\client.tlog\link.write.1.tlog
